2021-06-19 14:23:34 0 [Note] InnoDB: Mutexes and rw_locks use Windows interlocked functions
2021-06-19 14:23:34 0 [Note] InnoDB: Uses event mutexes
2021-06-19 14:23:34 0 [Note] InnoDB: Compressed tables use zlib 1.2.11
2021-06-19 14:23:34 0 [Note] InnoDB: Number of pools: 1
2021-06-19 14:23:34 0 [Note] InnoDB: Using SSE2 crc32 instructions
2021-06-19 14:23:34 0 [Note] InnoDB: Initializing buffer pool, total size = 16M, instances = 1, chunk size = 16M
2021-06-19 14:23:34 0 [Note] InnoDB: Completed initialization of buffer pool
2021-06-19 14:23:34 0 [Note] InnoDB: Starting crash recovery from checkpoint LSN=300288
2021-06-19 14:23:35 0 [Note] InnoDB: 128 out of 128 rollback segments are active.
2021-06-19 14:23:35 0 [Note] InnoDB: Removed temporary tablespace data file: "ibtmp1"
2021-06-19 14:23:35 0 [Note] InnoDB: Creating shared tablespace for temporary tables
2021-06-19 14:23:35 0 [Note] InnoDB: Setting file '\xampp\mysql\data\ibtmp1' size to 12 MB. Physically writing the file full; Please wait ...
2021-06-19 14:23:35 0 [Note] InnoDB: File '\xampp\mysql\data\ibtmp1' size is now 12 MB.
2021-06-19 14:23:35 0 [Note] InnoDB: Waiting for purge to start
2021-06-19 14:23:35 0 [Note] InnoDB: 10.4.19 started; log sequence number 300297; transaction id 170
2021-06-19 14:23:35 0 [Note] Plugin 'FEEDBACK' is disabled.
2021-06-19 14:23:35 0 [Note] InnoDB: Loading buffer pool(s) from C:\xampp\mysql\data\ib_buffer_pool
2021-06-19 14:23:35 0 [Note] InnoDB: Buffer pool(s) load completed at 210619 14:23:35
2021-06-19 14:23:35 0 [Note] Server socket created on IP: '::'.
2021-06-19 14:23:35 0 [Note] Reading of all Master_info entries succeeded
2021-06-19 14:23:35 0 [Note] Added new Master_info '' to hash table
2021-06-19 14:23:35 0 [Note] mysql\bin\mysqld.exe: ready for connections.
Version: '10.4.19-MariaDB'  socket: ''  port: 3306  mariadb.org binary distribution
2021-06-19 14:35:59 0 [ERROR] InnoDB: The innodb_system data file 'ibdata1' must be writable
2021-06-19 14:35:59 0 [ERROR] InnoDB: The innodb_system data file 'ibdata1' must be writable
2021-06-19 14:35:59 0 [ERROR] Plugin 'InnoDB' init function returned error.
2021-06-19 14:35:59 0 [ERROR] Plugin 'InnoDB' registration as a STORAGE ENGINE failed.
2021-06-19 14:35:59 0 [Note] Plugin 'FEEDBACK' is disabled.
2021-06-19 14:35:59 0 [ERROR] Unknown/unsupported storage engine: InnoDB
2021-06-19 14:35:59 0 [ERROR] Aborting
2021-06-19 14:54:22 0 [ERROR] InnoDB: The innodb_system data file 'ibdata1' must be writable
2021-06-19 14:54:22 0 [ERROR] InnoDB: The innodb_system data file 'ibdata1' must be writable
2021-06-19 14:54:22 0 [ERROR] Plugin 'InnoDB' init function returned error.
2021-06-19 14:54:22 0 [ERROR] Plugin 'InnoDB' registration as a STORAGE ENGINE failed.
2021-06-19 14:54:22 0 [Note] Plugin 'FEEDBACK' is disabled.
2021-06-19 14:54:22 0 [ERROR] Unknown/unsupported storage engine: InnoDB
2021-06-19 14:54:22 0 [ERROR] Aborting
2021-06-22  9:54:17 0 [ERROR] InnoDB: The innodb_system data file 'ibdata1' must be writable
2021-06-22  9:54:17 0 [ERROR] InnoDB: The innodb_system data file 'ibdata1' must be writable
2021-06-22  9:54:17 0 [ERROR] Plugin 'InnoDB' init function returned error.
2021-06-22  9:54:17 0 [ERROR] Plugin 'InnoDB' registration as a STORAGE ENGINE failed.
2021-06-22  9:54:17 0 [Note] Plugin 'FEEDBACK' is disabled.
2021-06-22  9:54:17 0 [ERROR] Unknown/unsupported storage engine: InnoDB
2021-06-22  9:54:17 0 [ERROR] Aborting
2021-06-26 13:11:31 0 [Note] InnoDB: Mutexes and rw_locks use Windows interlocked functions
2021-06-26 13:11:31 0 [Note] InnoDB: Uses event mutexes
2021-06-26 13:11:31 0 [Note] InnoDB: Compressed tables use zlib 1.2.11
2021-06-26 13:11:31 0 [Note] InnoDB: Number of pools: 1
2021-06-26 13:11:31 0 [Note] InnoDB: Using SSE2 crc32 instructions
2021-06-26 13:11:31 0 [Note] InnoDB: Initializing buffer pool, total size = 16M, instances = 1, chunk size = 16M
2021-06-26 13:11:31 0 [Note] InnoDB: Completed initialization of buffer pool
2021-06-26 13:11:31 0 [Note] InnoDB: Starting crash recovery from checkpoint LSN=300306
2021-06-26 13:11:32 0 [Note] InnoDB: 128 out of 128 rollback segments are active.
2021-06-26 13:11:32 0 [Note] InnoDB: Removed temporary tablespace data file: "ibtmp1"
2021-06-26 13:11:32 0 [Note] InnoDB: Creating shared tablespace for temporary tables
2021-06-26 13:11:32 0 [Note] InnoDB: Setting file '\xampp\mysql\data\ibtmp1' size to 12 MB. Physically writing the file full; Please wait ...
2021-06-26 13:11:32 0 [Note] InnoDB: File '\xampp\mysql\data\ibtmp1' size is now 12 MB.
2021-06-26 13:11:32 0 [Note] InnoDB: Waiting for purge to start
2021-06-26 13:11:32 0 [Note] InnoDB: 10.4.19 started; log sequence number 300315; transaction id 170
2021-06-26 13:11:32 0 [Note] Plugin 'FEEDBACK' is disabled.
2021-06-26 13:11:32 0 [Note] InnoDB: Loading buffer pool(s) from C:\xampp\mysql\data\ib_buffer_pool
2021-06-26 13:11:32 0 [Note] InnoDB: Buffer pool(s) load completed at 210626 13:11:32
2021-06-26 13:11:32 0 [Note] Server socket created on IP: '::'.
2021-06-26 13:11:32 0 [Note] Reading of all Master_info entries succeeded
2021-06-26 13:11:32 0 [Note] Added new Master_info '' to hash table
2021-06-26 13:11:32 0 [Note] mysql\bin\mysqld.exe: ready for connections.
Version: '10.4.19-MariaDB'  socket: ''  port: 3306  mariadb.org binary distribution
2021-07-02 20:33:25 0 [Note] InnoDB: Mutexes and rw_locks use Windows interlocked functions
2021-07-02 20:33:25 0 [Note] InnoDB: Uses event mutexes
2021-07-02 20:33:25 0 [Note] InnoDB: Compressed tables use zlib 1.2.11
2021-07-02 20:33:25 0 [Note] InnoDB: Number of pools: 1
2021-07-02 20:33:25 0 [Note] InnoDB: Using SSE2 crc32 instructions
2021-07-02 20:33:25 0 [Note] InnoDB: Initializing buffer pool, total size = 16M, instances = 1, chunk size = 16M
2021-07-02 20:33:25 0 [Note] InnoDB: Completed initialization of buffer pool
2021-07-02 20:33:25 0 [Note] InnoDB: Starting crash recovery from checkpoint LSN=300324
2021-07-02 20:33:26 0 [Note] InnoDB: 128 out of 128 rollback segments are active.
2021-07-02 20:33:26 0 [Note] InnoDB: Removed temporary tablespace data file: "ibtmp1"
2021-07-02 20:33:26 0 [Note] InnoDB: Creating shared tablespace for temporary tables
2021-07-02 20:33:26 0 [Note] InnoDB: Setting file '\xampp\mysql\data\ibtmp1' size to 12 MB. Physically writing the file full; Please wait ...
2021-07-02 20:33:26 0 [Note] InnoDB: File '\xampp\mysql\data\ibtmp1' size is now 12 MB.
2021-07-02 20:33:26 0 [Note] InnoDB: Waiting for purge to start
2021-07-02 20:33:26 0 [Note] InnoDB: 10.4.19 started; log sequence number 300333; transaction id 170
2021-07-02 20:33:26 0 [Note] Plugin 'FEEDBACK' is disabled.
2021-07-02 20:33:26 0 [Note] InnoDB: Loading buffer pool(s) from C:\xampp\mysql\data\ib_buffer_pool
2021-07-02 20:33:26 0 [Note] InnoDB: Buffer pool(s) load completed at 210702 20:33:26
2021-07-02 20:33:26 0 [Note] Server socket created on IP: '::'.
2021-07-02 20:33:26 0 [Note] Reading of all Master_info entries succeeded
2021-07-02 20:33:26 0 [Note] Added new Master_info '' to hash table
2021-07-02 20:33:26 0 [Note] mysql\bin\mysqld.exe: ready for connections.
Version: '10.4.19-MariaDB'  socket: ''  port: 3306  mariadb.org binary distribution
